<?xml version="1.0" encoding="UTF-8"?>
<!-- Generated by org.testng.reporters.JUnitReportReporter -->
<testsuite hostname="DESKTOP-0BG0PEU" failures="0" tests="1" name="driverFactory.AppTest" time="83.666" errors="0" timestamp="2024-10-23T16:39:59 IST" skipped="0">
  <testcase classname="driverFactory.AppTest" name="kickstart" time="83.666">
    <system-out>
      <![CDATA[Stock-000003284     Stock-000003284
Supplier-00000006098     Supplier-00000006098
Customer-00000012079     Customer-00000007928]]>
    </system-out>
  </testcase> <!-- kickstart -->
  <system-out>
    <![CDATA[Stock-000003284     Stock-000003284
Supplier-00000006098     Supplier-00000006098
Customer-00000012079     Customer-00000007928]]>
  </system-out>
</testsuite> <!-- driverFactory.AppTest -->
